[2024-06-02 11:54:09] local.ERROR: oci_connect(): ORA-24415: Missing or null username. {"exception":"[object] (ErrorException(code: 0): oci_connect(): ORA-24415: Missing or null username. at C:\\xampp\\htdocs\\BPDB_PHARMACY\\vendor\\yajra\\laravel-pdo-via-oci8\\src\\Pdo\\Oci8.php:143)
[stacktrace]
#0 [internal function]: Illuminate\\Foundation\\Bootstrap\\HandleExceptions->handleError(2, 'oci_connect(): ...', 'C:\\\\xampp\\\\htdocs...', 143)
#1 C:\\xampp\\htdocs\\BPDB_PHARMACY\\vendor\\yajra\\laravel-pdo-via-oci8\\src\\Pdo\\Oci8.php(143): oci_connect('', '', '(DESCRIPTION = ...', 'AL32UTF8', 0)
#2 C:\\xampp\\htdocs\\BPDB_PHARMACY\\vendor\\yajra\\laravel-pdo-via-oci8\\src\\Pdo\\Oci8.php(103): Yajra\\Pdo\\Oci8->connect('(DESCRIPTION = ...', '', '', Array, 'AL32UTF8')
#3 C:\\xampp\\htdocs\\BPDB_PHARMACY\\vendor\\yajra\\laravel-oci8\\src\\Oci8\\Connectors\\OracleConnector.php(214): Yajra\\Pdo\\Oci8->__construct('(DESCRIPTION = ...', '', '', Array)
#4 C:\\xampp\\htdocs\\BPDB_PHARMACY\\vendor\\yajra\\laravel-oci8\\src\\Oci8\\Connectors\\OracleConnector.php(42): Yajra\\Oci8\\Connectors\\OracleConnector->createConnection('(DESCRIPTION = ...', Array, Array)
#5 C:\\xampp\\htdocs\\BPDB_PHARMACY\\vendor\\yajra\\laravel-oci8\\src\\Oci8\\Oci8ServiceProvider.php(53): Yajra\\Oci8\\Connectors\\OracleConnector->connect(Array)
#6 C:\\xampp\\htdocs\\BPDB_PHARMACY\\vendor\\laravel\\framework\\src\\Illuminate\\Database\\Connectors\\ConnectionFactory.php(273): Yajra\\Oci8\\Oci8ServiceProvider->Yajra\\Oci8\\{closure}(Object(Closure), '', '', Array)
#7 C:\\xampp\\htdocs\\BPDB_PHARMACY\\vendor\\laravel\\framework\\src\\Illuminate\\Database\\Connectors\\ConnectionFactory.php(76): Illuminate\\Database\\Connectors\\ConnectionFactory->createConnection('oracle', Object(Closure), '', '', Array)
#8 C:\\xampp\\htdocs\\BPDB_PHARMACY\\vendor\\laravel\\framework\\src\\Illuminate\\Database\\Connectors\\ConnectionFactory.php(50): Illuminate\\Database\\Connectors\\ConnectionFactory->createSingleConnection(Array)
#9 C:\\xampp\\htdocs\\BPDB_PHARMACY\\vendor\\laravel\\framework\\src\\Illuminate\\Database\\DatabaseManager.php(140): Illuminate\\Database\\Connectors\\ConnectionFactory->make(Array, 'oracle')
#10 C:\\xampp\\htdocs\\BPDB_PHARMACY\\vendor\\laravel\\framework\\src\\Illuminate\\Database\\DatabaseManager.php(95): Illuminate\\Database\\DatabaseManager->makeConnection('oracle')
#11 C:\\xampp\\htdocs\\BPDB_PHARMACY\\vendor\\laravel\\framework\\src\\Illuminate\\Support\\Facades\\Schema.php(49): Illuminate\\Database\\DatabaseManager->connection()
#12 C:\\xampp\\htdocs\\BPDB_PHARMACY\\vendor\\laravel\\framework\\src\\Illuminate\\Support\\Facades\\Facade.php(166): Illuminate\\Support\\Facades\\Schema::getFacadeAccessor()
#13 C:\\xampp\\htdocs\\BPDB_PHARMACY\\vendor\\laravel\\framework\\src\\Illuminate\\Support\\Facades\\Facade.php(255): Illuminate\\Support\\Facades\\Facade::getFacadeRoot()
#14 C:\\xampp\\htdocs\\BPDB_PHARMACY\\app\\Providers\\AppServiceProvider.php(29): Illuminate\\Support\\Facades\\Facade::__callStatic('defaultStringLe...', Array)
#15 C:\\xampp\\htdocs\\BPDB_PHARMACY\\vendor\\laravel\\framework\\src\\Illuminate\\Container\\BoundMethod.php(36): App\\Providers\\AppServiceProvider->boot()
#16 C:\\xampp\\htdocs\\BPDB_PHARMACY\\vendor\\laravel\\framework\\src\\Illuminate\\Container\\Util.php(40): Illuminate\\Container\\BoundMethod::Illuminate\\Container\\{closure}()
#17 C:\\xampp\\htdocs\\BPDB_PHARMACY\\vendor\\laravel\\framework\\src\\Illuminate\\Container\\BoundMethod.php(93): Illuminate\\Container\\Util::unwrapIfClosure(Object(Closure))
#18 C:\\xampp\\htdocs\\BPDB_PHARMACY\\vendor\\laravel\\framework\\src\\Illuminate\\Container\\BoundMethod.php(37): Illuminate\\Container\\BoundMethod::callBoundMethod(Object(Illuminate\\Foundation\\Application), Array, Object(Closure))
#19 C:\\xampp\\htdocs\\BPDB_PHARMACY\\vendor\\laravel\\framework\\src\\Illuminate\\Container\\Container.php(653): Illuminate\\Container\\BoundMethod::call(Object(Illuminate\\Foundation\\Application), Array, Array, NULL)
#20 C:\\xampp\\htdocs\\BPDB_PHARMACY\\vendor\\laravel\\framework\\src\\Illuminate\\Foundation\\Application.php(924): Illuminate\\Container\\Container->call(Array)
#21 C:\\xampp\\htdocs\\BPDB_PHARMACY\\vendor\\laravel\\framework\\src\\Illuminate\\Foundation\\Application.php(905): Illuminate\\Foundation\\Application->bootProvider(Object(App\\Providers\\AppServiceProvider))
#22 [internal function]: Illuminate\\Foundation\\Application->Illuminate\\Foundation\\{closure}(Object(App\\Providers\\AppServiceProvider), 33)
#23 C:\\xampp\\htdocs\\BPDB_PHARMACY\\vendor\\laravel\\framework\\src\\Illuminate\\Foundation\\Application.php(906): array_walk(Array, Object(Closure))
#24 C:\\xampp\\htdocs\\BPDB_PHARMACY\\vendor\\laravel\\framework\\src\\Illuminate\\Foundation\\Bootstrap\\BootProviders.php(17): Illuminate\\Foundation\\Application->boot()
#25 C:\\xampp\\htdocs\\BPDB_PHARMACY\\vendor\\laravel\\framework\\src\\Illuminate\\Foundation\\Application.php(237): Illuminate\\Foundation\\Bootstrap\\BootProviders->bootstrap(Object(Illuminate\\Foundation\\Application))
#26 C:\\xampp\\htdocs\\BPDB_PHARMACY\\vendor\\laravel\\framework\\src\\Illuminate\\Foundation\\Http\\Kernel.php(153): Illuminate\\Foundation\\Application->bootstrapWith(Array)
#27 C:\\xampp\\htdocs\\BPDB_PHARMACY\\vendor\\laravel\\framework\\src\\Illuminate\\Foundation\\Http\\Kernel.php(137): Illuminate\\Foundation\\Http\\Kernel->bootstrap()
#28 C:\\xampp\\htdocs\\BPDB_PHARMACY\\vendor\\laravel\\framework\\src\\Illuminate\\Foundation\\Http\\Kernel.php(111): Illuminate\\Foundation\\Http\\Kernel->sendRequestThroughRouter(Object(Illuminate\\Http\\Request))
#29 C:\\xampp\\htdocs\\BPDB_PHARMACY\\index.php(59): Illuminate\\Foundation\\Http\\Kernel->handle(Object(Illuminate\\Http\\Request))
#30 {main}
"} 
